<?xml version="1.0" encoding="UTF-8"?>
<!-- Generated by org.testng.reporters.JUnitReportReporter -->
<testsuite skipped="0" hostname="DT-PC" name="com.dt.test.bootL.DemoApplicationTests" tests="1" failures="0" timestamp="27 Mar 2018 06:41:55 GMT" time="0.002" errors="0">
  <testcase name="contextLoads" time="0.002" classname="com.dt.test.bootL.DemoApplicationTests"/>
</testsuite> <!-- com.dt.test.bootL.DemoApplicationTests -->
