<?xml version="1.0" encoding="UTF-8"?>
<!-- Generated by org.testng.reporters.JUnitReportReporter -->
<testsuite skipped="0" hostname="DT-PC" name="com.dt.test.util.PayloadValidatorTest" tests="2" failures="0" timestamp="27 Mar 2018 06:41:55 GMT" time="0.007" errors="0">
  <testcase name="validatePayLoad" time="0.002" classname="com.dt.test.util.PayloadValidatorTest"/>
  <testcase name="validateInvalidPayLoad" time="0.005" classname="com.dt.test.util.PayloadValidatorTest"/>
</testsuite> <!-- com.dt.test.util.PayloadValidatorTest -->
